<?xml version="1.0" encoding="UTF-8"?>
<testsuite xmlns:xsi="http://www.w3.org/2001/XMLSchema-instance" xsi:noNamespaceSchemaLocation="https://maven.apache.org/surefire/maven-surefire-plugin/xsd/surefire-test-report.xsd" version="3.0.2" name="com.example.hotel.RoomLockTests" time="15.92" tests="3" errors="0" skipped="0" failures="0">
  <properties>
[...]
</properties>
  <testcase name="conflictOnOverlappingDatesReturns409" classname="com.example.hotel.RoomLockTests" time="1.115">
    <system-out><![CDATA[21:30:56.490 [main] INFO org.springframework.test.context.support.AnnotationConfigContextLoaderUtils -- Could not detect default configuration classes for test class [com.example.hotel.RoomLockTests]: RoomLockTests does not declare any static, non-private, non-final, nested classes annotated with @Configuration.
21:30:56.692 [main] INFO org.springframework.boot.test.context.SpringBootTestContextBootstrapper -- Found @SpringBootConfiguration com.example.hotel.HotelServiceApplication for test class com.example.hotel.RoomLockTests

  .   ____          _            __ _ _
 /\\ / ___'_ __ _ _(_)_ __  __ _ \ \ \ \
( ( )\___ | '_ | '_| | '_ \/ _` | \ \ \ \
 \\/  ___)| |_)| | | | | || (_| |  ) ) ) )
  '  |____| .__|_| |_|_| |_\__, | / / / /
 =========|_|==============|___/=/_/_/_/

 :: Spring Boot ::                (v3.4.2)

2026-01-04T21:30:57.990+03:00  INFO 10444 --- [hotel-service] [           main] com.example.hotel.RoomLockTests          : Starting RoomLockTests using Java 17.0.17 with PID 10444 (started by Даниил in C:\Users\Даниил\Desktop\hotel-booking-microservices\hotel-service)
2026-01-04T21:30:57.993+03:00  INFO 10444 --- [hotel-service] [           main] com.example.hotel.RoomLockTests          : The following 1 profile is active: "test"
2026-01-04T21:31:00.175+03:00  INFO 10444 --- [hotel-service] [           main] .s.d.r.c.RepositoryConfigurationDelegate : Bootstrapping Spring Data JPA repositories in DEFAULT mode.
2026-01-04T21:31:00.460+03:00  INFO 10444 --- [hotel-service] [           main] .s.d.r.c.RepositoryConfigurationDelegate : Finished Spring Data repository scanning in 264 ms. Found 3 JPA repository interfaces.
2026-01-04T21:31:00.928+03:00  INFO 10444 --- [hotel-service] [           main] o.s.cloud.context.scope.GenericScope     : BeanFactory id=9a25bb63-ce06-320d-b5ad-13db5578133b
2026-01-04T21:31:01.811+03:00  INFO 10444 --- [hotel-service] [           main] o.hibernate.jpa.internal.util.LogHelper  : HHH000204: Processing PersistenceUnitInfo [name: default]
2026-01-04T21:31:01.931+03:00  INFO 10444 --- [hotel-service] [           main] org.hibernate.Version                    : HHH000412: Hibernate ORM core version 6.6.5.Final
2026-01-04T21:31:01.995+03:00  INFO 10444 --- [hotel-service] [           main] o.h.c.internal.RegionFactoryInitiator    : HHH000026: Second-level cache disabled
2026-01-04T21:31:02.580+03:00  INFO 10444 --- [hotel-service] [           main] o.s.o.j.p.SpringPersistenceUnitInfo      : No LoadTimeWeaver setup: ignoring JPA class transformer
2026-01-04T21:31:02.636+03:00  INFO 10444 --- [hotel-service] [           main] com.zaxxer.hikari.HikariDataSource       : HikariPool-1 - Starting...
2026-01-04T21:31:02.953+03:00  INFO 10444 --- [hotel-service] [           main] com.zaxxer.hikari.pool.HikariPool        : HikariPool-1 - Added connection conn0: url=jdbc:h2:mem:hoteldb-test user=SA
2026-01-04T21:31:02.958+03:00  INFO 10444 --- [hotel-service] [           main] com.zaxxer.hikari.HikariDataSource       : HikariPool-1 - Start completed.
2026-01-04T21:31:03.040+03:00  INFO 10444 --- [hotel-service] [           main] org.hibernate.orm.connections.pooling    : HHH10001005: Database info:
	Database JDBC URL [Connecting through datasource 'HikariDataSource (HikariPool-1)']
	Database driver: undefined/unknown
	Database version: 2.3.232
	Autocommit mode: undefined/unknown
	Isolation level: undefined/unknown
	Minimum pool size: undefined/unknown
	Maximum pool size: undefined/unknown
2026-01-04T21:31:04.221+03:00  INFO 10444 --- [hotel-service] [           main] o.h.e.t.j.p.i.JtaPlatformInitiator       : HHH000489: No JTA platform available (set 'hibernate.transaction.jta.platform' to enable JTA platform integration)
2026-01-04T21:31:04.298+03:00  INFO 10444 --- [hotel-service] [           main] j.LocalContainerEntityManagerFactoryBean : Initialized JPA EntityManagerFactory for persistence unit 'default'
2026-01-04T21:31:05.004+03:00  INFO 10444 --- [hotel-service] [           main] o.s.d.j.r.query.QueryEnhancerFactory     : Hibernate is in classpath; If applicable, HQL parser will be used.
2026-01-04T21:31:07.270+03:00  WARN 10444 --- [hotel-service] [           main] JpaBaseConfiguration$JpaWebConfiguration : spring.jpa.open-in-view is enabled by default. Therefore, database queries may be performed during view rendering. Explicitly configure spring.jpa.open-in-view to disable this warning
2026-01-04T21:31:08.458+03:00  INFO 10444 --- [hotel-service] [           main] o.s.b.a.e.web.EndpointLinksResolver      : Exposing 2 endpoints beneath base path '/actuator'
2026-01-04T21:31:09.594+03:00  INFO 10444 --- [hotel-service] [           main] o.s.b.a.h2.H2ConsoleAutoConfiguration    : H2 console available at '/h2-console'. Database available at 'jdbc:h2:mem:hoteldb-test'
2026-01-04T21:31:09.858+03:00  INFO 10444 --- [hotel-service] [           main] o.s.b.t.m.w.SpringBootMockServletContext : Initializing Spring TestDispatcherServlet ''
2026-01-04T21:31:09.858+03:00  INFO 10444 --- [hotel-service] [           main] o.s.t.web.servlet.TestDispatcherServlet  : Initializing Servlet ''
2026-01-04T21:31:09.862+03:00  INFO 10444 --- [hotel-service] [           main] o.s.t.web.servlet.TestDispatcherServlet  : Completed initialization in 4 ms
2026-01-04T21:31:10.200+03:00  INFO 10444 --- [hotel-service] [           main] DiscoveryClientOptionalArgsConfiguration : Eureka HTTP Client uses RestTemplate.
2026-01-04T21:31:10.315+03:00  WARN 10444 --- [hotel-service] [           main] iguration$LoadBalancerCaffeineWarnLogger : Spring Cloud LoadBalancer is currently working with the default cache. While this cache implementation is useful for development and tests, it's recommended to use Caffeine cache in production.You can switch to using Caffeine cache, by adding it and org.springframework.cache.caffeine.CaffeineCacheManager to the classpath.
2026-01-04T21:31:10.450+03:00  INFO 10444 --- [hotel-service] [           main] com.example.hotel.RoomLockTests          : Started RoomLockTests in 13.316 seconds (process running for 15.161)
2026-01-04T21:31:11.776+03:00  INFO 10444 --- [hotel-service] [           main] c.example.hotel.service.RoomLockService  : Room locked for bookingId=100, requestId=281b8b4b-2c72-4e98-aa4a-2e57ebb7a006, roomId=1
]]></system-out>
  </testcase>
  <testcase name="parallelBookingCreatesSingleLock" classname="com.example.hotel.RoomLockTests" time="0.179">
    <system-out><![CDATA[2026-01-04T21:31:11.974+03:00  INFO 10444 --- [hotel-service] [pool-3-thread-2] c.example.hotel.service.RoomLockService  : Room locked for bookingId=401, requestId=adc46af4-cae6-40cc-90a4-4ebe0ad31cc5, roomId=1
]]></system-out>
  </testcase>
  <testcase name="confirmIsIdempotentByRequestId" classname="com.example.hotel.RoomLockTests" time="0.046">
    <system-out><![CDATA[2026-01-04T21:31:12.136+03:00  INFO 10444 --- [hotel-service] [           main] c.example.hotel.service.RoomLockService  : Room locked for bookingId=300, requestId=62ca6fea-59ab-4f9a-ba8a-d1b4125fe74b, roomId=1
2026-01-04T21:31:12.147+03:00  INFO 10444 --- [hotel-service] [           main] c.example.hotel.service.RoomLockService  : Idempotent confirm for bookingId=300, requestId=62ca6fea-59ab-4f9a-ba8a-d1b4125fe74b
]]></system-out>
  </testcase>
</testsuite>